[debug] [2021-02-28T20:20:50.155Z] ----------------------------------------------------------------------
[debug] [2021-02-28T20:20:50.156Z] Command:       C:\Program Files\nodejs\node.exe C:\Users\dolev\AppData\Roaming\npm\node_modules\firebase-tools\lib\bin\firebase.js init
[debug] [2021-02-28T20:20:50.156Z] CLI Version:   9.5.0
[debug] [2021-02-28T20:20:50.156Z] Platform:      win32
[debug] [2021-02-28T20:20:50.156Z] Node Version:  v14.15.4
[debug] [2021-02-28T20:20:50.157Z] Time:          Sun Feb 28 2021 22:20:50 GMT+0200 (Israel Standard Time)
[debug] [2021-02-28T20:20:50.157Z] ----------------------------------------------------------------------
[debug] [2021-02-28T20:20:50.157Z] 
[debug] [2021-02-28T20:20:50.161Z] > command requires scopes: ["email","openid","https://www.googleapis.com/auth/cloudplatformprojects.readonly","https://www.googleapis.com/auth/firebase","https://www.googleapis.com/auth/cloud-platform"]
[debug] [2021-02-28T20:20:50.161Z] > authorizing via signed-in user
[info] 
     ######## #### ########  ######## ########     ###     ######  ########
     ##        ##  ##     ## ##       ##     ##  ##   ##  ##       ##
     ######    ##  ########  ######   ########  #########  ######  ######
     ##        ##  ##    ##  ##       ##     ## ##     ##       ## ##
     ##       #### ##     ## ######## ########  ##     ##  ######  ########

You're about to initialize a Firebase project in this directory:

  C:\Users\dolev\Desktop\Travesery_Media\demo-projects-for-the-hosted-porfillio\Portfolio\Responsive_Form_Firebase

[info] 
=== Project Setup
[info] 
[info] First, let's associate this project directory with a Firebase project.
[info] You can create multiple project aliases by running firebase use --add, 
[info] but for now we'll just set up a default project.
[info] 
[debug] [2021-02-28T20:22:20.036Z] >>> [apiv2][query] GET https://firebase.googleapis.com/v1beta1/projects pageSize=100
[debug] [2021-02-28T20:22:20.515Z] <<< [apiv2][status] GET https://firebase.googleapis.com/v1beta1/projects 200
[debug] [2021-02-28T20:22:20.515Z] <<< [apiv2][body] GET https://firebase.googleapis.com/v1beta1/projects [omitted]
[info] i  Using project contactform-dacd5 (contactform) 
[info] 
=== Database Setup
[info] i  database: ensuring required API firebasedatabase.googleapis.com is enabled... 
[debug] [2021-02-28T20:22:33.003Z] > refreshing access token with scopes: ["email","https://www.googleapis.com/auth/cloud-platform","https://www.googleapis.com/auth/cloudplatformprojects.readonly","https://www.googleapis.com/auth/firebase","openid"]
[debug] [2021-02-28T20:22:33.003Z] >>> HTTP REQUEST POST https://www.googleapis.com/oauth2/v3/token  
 <request body omitted>
[debug] [2021-02-28T20:22:33.303Z] <<< HTTP RESPONSE 200 {"expires":"Mon, 01 Jan 1990 00:00:00 GMT","cache-control":"no-cache, no-store, max-age=0, must-revalidate","pragma":"no-cache","date":"Sun, 28 Feb 2021 20:22:34 GMT","content-type":"application/json; charset=utf-8","vary":"X-Origin, Referer, Origin,Accept-Encoding","server":"scaffolding on HTTPServer2","x-xss-protection":"0","x-frame-options":"SAMEORIGIN","x-content-type-options":"nosniff","alt-svc":"h3-29=\":443\"; ma=2592000,h3-T051=\":443\"; ma=2592000,h3-Q050=\":443\"; ma=2592000,h3-Q046=\":443\"; ma=2592000,h3-Q043=\":443\"; ma=2592000,quic=\":443\"; ma=2592000; v=\"46,43\"","accept-ranges":"none","transfer-encoding":"chunked"}
[debug] [2021-02-28T20:22:33.334Z] >>> HTTP REQUEST GET https://serviceusage.googleapis.com/v1/projects/contactform-dacd5/services/firebasedatabase.googleapis.com  
 
[debug] [2021-02-28T20:22:34.433Z] <<< HTTP RESPONSE 200 {"content-type":"application/json; charset=UTF-8","vary":"X-Origin, Referer, Origin,Accept-Encoding","date":"Sun, 28 Feb 2021 20:22:35 GMT","server":"ESF","cache-control":"private","x-xss-protection":"0","x-frame-options":"SAMEORIGIN","x-content-type-options":"nosniff","alt-svc":"h3-29=\":443\"; ma=2592000,h3-T051=\":443\"; ma=2592000,h3-Q050=\":443\"; ma=2592000,h3-Q046=\":443\"; ma=2592000,h3-Q043=\":443\"; ma=2592000,quic=\":443\"; ma=2592000; v=\"46,43\"","accept-ranges":"none","transfer-encoding":"chunked"}
[info] +  database: required API firebasedatabase.googleapis.com is enabled 
[info] 
[debug] [2021-02-28T20:22:34.438Z] >>> HTTP REQUEST GET https://firebasedatabase.googleapis.com/v1beta/projects/contactform-dacd5/locations/-/instances/contactform-dacd5-default-rtdb  
 
[debug] [2021-02-28T20:22:35.016Z] <<< HTTP RESPONSE 200 {"content-type":"application/json; charset=UTF-8","vary":"X-Origin, Referer, Origin,Accept-Encoding","date":"Sun, 28 Feb 2021 20:22:36 GMT","server":"ESF","cache-control":"private","x-xss-protection":"0","x-frame-options":"SAMEORIGIN","x-content-type-options":"nosniff","alt-svc":"h3-29=\":443\"; ma=2592000,h3-T051=\":443\"; ma=2592000,h3-Q050=\":443\"; ma=2592000,h3-Q046=\":443\"; ma=2592000,h3-Q043=\":443\"; ma=2592000,quic=\":443\"; ma=2592000; v=\"46,43\"","accept-ranges":"none","transfer-encoding":"chunked"}
[info] 
[info] Firebase Realtime Database Security Rules allow you to define how your data should be
[info] structured and when your data can be read from and written to.
[info] 
[debug] [2021-02-28T20:24:49.458Z] >>> HTTP REQUEST GET https://contactform-dacd5-default-rtdb.europe-west1.firebasedatabase.app/.settings/rules.json  
 
[debug] [2021-02-28T20:24:50.152Z] <<< HTTP RESPONSE 200 {"server":"nginx","date":"Sun, 28 Feb 2021 20:24:51 GMT","content-type":"application/json; charset=utf-8","content-length":"121","connection":"keep-alive","access-control-allow-origin":"*","cache-control":"no-cache","strict-transport-security":"max-age=31556926; includeSubDomains; preload"}
[info] +  Database Rules for contactform-dacd5-default-rtdb have been written to database.rules.json. 
[info] Future modifications to database.rules.json will update Realtime Database Security Rules when you run
[info] firebase deploy.
[info] 
=== Hosting Setup
[info] 
[info] Your public directory is the folder (relative to your project directory) that
[info] will contain Hosting assets to be uploaded with firebase deploy. If you
[info] have a build process for your assets, use your build's output directory.
[info] 
[debug] [2021-02-28T20:27:05.553Z] >>> [apiv2][query] GET https://www.gstatic.com/firebasejs/releases.json [none]
[debug] [2021-02-28T20:27:05.803Z] <<< [apiv2][status] GET https://www.gstatic.com/firebasejs/releases.json 200
[debug] [2021-02-28T20:27:05.803Z] <<< [apiv2][body] GET https://www.gstatic.com/firebasejs/releases.json {"current":{"version":"8.2.9","browserURL":"https://www.gstatic.com/firebasejs/8.2.9/firebase.js","packageURL":"https://www.gstatic.com/firebasejs/8.2.9/firebase.tgz"},"live":{"version":"8.2","browserURL":"https://www.gstatic.com/firebasejs/live/8.2/firebase.js","packageURL":"https://www.gstatic.com/firebasejs/live/8.2/firebase.tgz"},"components":{"analytics":"https://www.gstatic.com/firebasejs/8.2.9/firebase-analytics.js","app":"https://www.gstatic.com/firebasejs/8.2.9/firebase-app.js","auth":"https://www.gstatic.com/firebasejs/8.2.9/firebase-auth.js","database":"https://www.gstatic.com/firebasejs/8.2.9/firebase-database.js","firestore":"https://www.gstatic.com/firebasejs/8.2.9/firebase-firestore.js","functions":"https://www.gstatic.com/firebasejs/8.2.9/firebase-functions.js","installations":"https://www.gstatic.com/firebasejs/8.2.9/firebase-installations.js","messaging":"https://www.gstatic.com/firebasejs/8.2.9/firebase-messaging.js","storage":"https://www.gstatic.com/firebasejs/8.2.9/firebase-storage.js","performance":"https://www.gstatic.com/firebasejs/8.2.9/firebase-performance.js","remote-config":"https://www.gstatic.com/firebasejs/8.2.9/firebase-remote-config.js","firestore.memory":"https://www.gstatic.com/firebasejs/8.2.9/firebase-firestore.memory.js"}}
[info] +  Wrote public/index.html 
[info] 
[info] i  Didn't detect a .git folder. Assuming C:\Users\dolev\Desktop\Travesery_Media\demo-projects-for-the-hosted-porfillio\Portfolio\Responsive_Form_Firebase is the project root. 
[info] i  Authorizing with GitHub to upload your service account to a GitHub repository's secrets store. 
[info] 
[info] Visit this URL on this device to log in:
[info] https://github.com/login/oauth/authorize?client_id=89cf50f02ac6aaed3484&state=357597239&redirect_uri=http%3A%2F%2Flocalhost%3A9005&scope=read%3Auser%20repo%20public_repo
[info] 
[info] Waiting for authentication...
[debug] [2021-02-28T20:27:18.609Z] >>> HTTP REQUEST POST https://github.com/login/oauth/access_token  
 {"client_id":"89cf50f02ac6aaed3484","client_secret":"3330d14abc895d9a74d5f17cd7a00711fa2c5bf0","code":"51a13e0cb8516d9f77b9","redirect_uri":"http://localhost:9005","state":"357597239"}
[debug] [2021-02-28T20:27:18.965Z] <<< HTTP RESPONSE 200 {"server":"GitHub.com","date":"Sun, 28 Feb 2021 20:27:20 GMT","content-type":"application/json; charset=utf-8","vary":"X-PJAX, Accept-Encoding, Accept, X-Requested-With","etag":"W/\"25cc1fe8786f725ac2dca7068fd0304e\"","cache-control":"max-age=0, private, must-revalidate","strict-transport-security":"max-age=31536000; includeSubdomains; preload","x-frame-options":"deny","x-content-type-options":"nosniff","x-xss-protection":"1; mode=block","referrer-policy":"origin-when-cross-origin, strict-origin-when-cross-origin","expect-ct":"max-age=2592000, report-uri=\"https://api.github.com/_private/browser/errors\"","content-security-policy":"default-src 'none'; base-uri 'self'; block-all-mixed-content; connect-src 'self' uploads.github.com www.githubstatus.com collector.githubapp.com api.github.com github-cloud.s3.amazonaws.com github-production-repository-file-5c1aeb.s3.amazonaws.com github-production-upload-manifest-file-7fdce7.s3.amazonaws.com github-production-user-asset-6210df.s3.amazonaws.com cdn.optimizely.com logx.optimizely.com/v1/events wss://alive.github.com; font-src github.githubassets.com; form-action 'self' github.com gist.github.com; frame-ancestors 'none'; frame-src render.githubusercontent.com; img-src 'self' data: github.githubassets.com identicons.github.com collector.githubapp.com github-cloud.s3.amazonaws.com user-images.githubusercontent.com/ *.githubusercontent.com; manifest-src 'self'; media-src 'none'; script-src github.githubassets.com; style-src 'unsafe-inline' github.githubassets.com; worker-src github.com/socket-worker-5029ae85.js gist.github.com/socket-worker-5029ae85.js","x-github-request-id":"227C:6C9C:3201A40:3361F6A:603BFCA7","transfer-encoding":"chunked"}
[debug] [2021-02-28T20:27:18.967Z] >>> [apiv2][query] GET https://api.github.com/user [none]
[debug] [2021-02-28T20:27:19.327Z] <<< [apiv2][status] GET https://api.github.com/user 200
[debug] [2021-02-28T20:27:19.327Z] <<< [apiv2][body] GET https://api.github.com/user {"login":"dolev146","id":62290677,"node_id":"MDQ6VXNlcjYyMjkwNjc3","avatar_url":"https://avatars.githubusercontent.com/u/62290677?v=4","gravatar_id":"","url":"https://api.github.com/users/dolev146","html_url":"https://github.com/dolev146","followers_url":"https://api.github.com/users/dolev146/followers","following_url":"https://api.github.com/users/dolev146/following{/other_user}","gists_url":"https://api.github.com/users/dolev146/gists{/gist_id}","starred_url":"https://api.github.com/users/dolev146/starred{/owner}{/repo}","subscriptions_url":"https://api.github.com/users/dolev146/subscriptions","organizations_url":"https://api.github.com/users/dolev146/orgs","repos_url":"https://api.github.com/users/dolev146/repos","events_url":"https://api.github.com/users/dolev146/events{/privacy}","received_events_url":"https://api.github.com/users/dolev146/received_events","type":"User","site_admin":false,"name":"Dolev Dublon","company":null,"blog":"https://dolev-portfo.herokuapp.com/","location":"Israel Modiin","email":null,"hireable":true,"bio":"my name is Dolev Dublon i am a software developer now studding Computer Science and i have some apps on heroku! Check my portfolio website for more info.","twitter_username":null,"public_repos":45,"public_gists":0,"followers":1,"following":1,"created_at":"2020-03-17T12:16:41Z","updated_at":"2021-02-28T18:45:43Z","private_gists":0,"total_private_repos":2,"owned_private_repos":2,"disk_usage":38446,"collaborators":0,"two_factor_authentication":false,"plan":{"name":"free","space":976562499,"collaborators":0,"private_repos":10000}}
[info] 
[info] +  Success! Logged into GitHub as dolev146 
[info] 
